


ARM Macro Assembler    Page 1 


    1 00000000         ;/******************************************************
                       **********************//**
    2 00000000         ; * @file     startup_Nano103.s
    3 00000000         ; * @version  V1.00
    4 00000000         ; * $Revision: 4 $
    5 00000000         ; * $Date: 16/01/28 3:56p $
    6 00000000         ; * @brief    CMSIS ARM Cortex-M0 Core Device Startup Fi
                       le
    7 00000000         ; *
    8 00000000         ; * @note
    9 00000000         ; * Copyright (C) 2015 Nuvoton Technology Corp. All righ
                       ts reserved.
   10 00000000         ;*******************************************************
                       **********************/
   11 00000000         
   12 00000000         ; <h> Stack Configuration
   13 00000000         ;   <o> Stack Size (in Bytes) <0x0-0xFFFFFFFF:8>
   14 00000000         ; </h>
   15 00000000         
   16 00000000                 IF               :LNOT: :DEF: Stack_Size
   18                          ENDIF
   19 00000000         
   20 00000000                 AREA             STACK, NOINIT, READWRITE, ALIGN
=3
   21 00000000         Stack_Mem
                               SPACE            Stack_Size
   22 00000400         __initial_sp
   23 00000400         
   24 00000400         
   25 00000400         ; <h> Heap Configuration
   26 00000400         ;   <o>  Heap Size (in Bytes) <0x0-0xFFFFFFFF:8>
   27 00000400         ; </h>
   28 00000400         
   29 00000400                 IF               :LNOT: :DEF: Heap_Size
   31                          ENDIF
   32 00000400         
   33 00000400                 AREA             HEAP, NOINIT, READWRITE, ALIGN=
3
   34 00000000         __heap_base
   35 00000000         Heap_Mem
                               SPACE            Heap_Size
   36 00000200         __heap_limit
   37 00000200         
   38 00000200         
   39 00000200                 PRESERVE8
   40 00000200                 THUMB
   41 00000200         
   42 00000200         
   43 00000200         ; Vector Table Mapped to Address 0 at Reset
   44 00000200         
   45 00000200                 AREA             RESET, DATA, READONLY
   46 00000000                 EXPORT           __Vectors
   47 00000000         
   48 00000000 00000000 
                       __Vectors
                               DCD              __initial_sp ; Top of Stack
   49 00000004 00000000        DCD              Reset_Handler ; Reset Handler
   50 00000008 00000000        DCD              NMI_Handler ; NMI Handler
   51 0000000C 00000000        DCD              HardFault_Handler ; Hard Fault 



ARM Macro Assembler    Page 2 


                                                            Handler
   52 00000010 00000000        DCD              0           ; Reserved
   53 00000014 00000000        DCD              0           ; Reserved
   54 00000018 00000000        DCD              0           ; Reserved
   55 0000001C 00000000        DCD              0           ; Reserved
   56 00000020 00000000        DCD              0           ; Reserved
   57 00000024 00000000        DCD              0           ; Reserved
   58 00000028 00000000        DCD              0           ; Reserved
   59 0000002C 00000000        DCD              SVC_Handler ; SVCall Handler
   60 00000030 00000000        DCD              0           ; Reserved
   61 00000034 00000000        DCD              0           ; Reserved
   62 00000038 00000000        DCD              PendSV_Handler ; PendSV Handler
                                                            
   63 0000003C 00000000        DCD              SysTick_Handler 
                                                            ; SysTick Handler
   64 00000040         
   65 00000040         ; External Interrupts
   66 00000040 00000000        DCD              BOD_IRQHandler ; Brownout low v
                                                            oltage detected int
                                                            errupt
   67 00000044 00000000        DCD              WDT_IRQHandler ; Watch Dog Time
                                                            r interrupt
   68 00000048 00000000        DCD              EINT0_IRQHandler ; External sig
                                                            nal interrupt from 
                                                            PB.14 pin
   69 0000004C 00000000        DCD              EINT1_IRQHandler ; External sig
                                                            nal interrupt from 
                                                            PB.15 pin
   70 00000050 00000000        DCD              GPABC_IRQHandler ; External int
                                                            errupt from PA[15:0
                                                            ]/PB[15:0]/PC[15:0]
                                                            
   71 00000054 00000000        DCD              GPDEF_IRQHandler ; External int
                                                            errupt from PD[15:0
                                                            ]/PE[15:0]/PF[7:0]
   72 00000058 00000000        DCD              PWM0_IRQHandler 
                                                            ; PWM 0 interrupt
   73 0000005C 00000000        DCD              0           ; Reserved
   74 00000060 00000000        DCD              TMR0_IRQHandler 
                                                            ; Timer 0 interrupt
                                                            
   75 00000064 00000000        DCD              TMR1_IRQHandler 
                                                            ; Timer 1 interrupt
                                                            
   76 00000068 00000000        DCD              TMR2_IRQHandler 
                                                            ; Timer 2 interrupt
                                                            
   77 0000006C 00000000        DCD              TMR3_IRQHandler 
                                                            ; Timer 3 interrupt
                                                            
   78 00000070 00000000        DCD              UART0_IRQHandler 
                                                            ; UART0 interrupt
   79 00000074 00000000        DCD              UART1_IRQHandler 
                                                            ; UART1 interrupt
   80 00000078 00000000        DCD              SPI0_IRQHandler 
                                                            ; SPI0 interrupt
   81 0000007C 00000000        DCD              SPI1_IRQHandler 
                                                            ; SPI1 interrupt
   82 00000080 00000000        DCD              SPI2_IRQHandler 



ARM Macro Assembler    Page 3 


                                                            ; SPI2 interrupt
   83 00000084 00000000        DCD              HIRC_IRQHandler 
                                                            ; HIRC interrupt
   84 00000088 00000000        DCD              I2C0_IRQHandler 
                                                            ; I2C0 interrupt
   85 0000008C 00000000        DCD              I2C1_IRQHandler 
                                                            ; I2C1 interrupt
   86 00000090 00000000        DCD              Default_Handler ; Reserved
   87 00000094 00000000        DCD              SC0_IRQHandler ; SC0 interrupt
   88 00000098 00000000        DCD              SC1_IRQHandler ; SC1 interrupt
   89 0000009C 00000000        DCD              Default_Handler ; Reserved
   90 000000A0 00000000        DCD              Default_Handler ; Reserved
   91 000000A4 00000000        DCD              Default_Handler ; Reserved
   92 000000A8 00000000        DCD              PDMA_IRQHandler 
                                                            ; PDMA interrupt
   93 000000AC 00000000        DCD              SPI3_IRQHandler 
                                                            ; SPI3 interrupt
   94 000000B0 00000000        DCD              PDWU_IRQHandler ; Power Down Wa
                                                            ke up interrupt
   95 000000B4 00000000        DCD              ADC_IRQHandler ; ADC interrupt
   96 000000B8 00000000        DCD              ACMP_IRQHandler 
                                                            ; ACMP interrupt
   97 000000BC 00000000        DCD              RTC_IRQHandler ; Real time cloc
                                                            k interrupt
   98 000000C0                 AREA             |.text|, CODE, READONLY
   99 00000000         
  100 00000000         
  101 00000000         ; Reset Handler
  102 00000000         
  103 00000000         Reset_Handler
                               PROC
  104 00000000                 EXPORT           Reset_Handler             [WEAK
]
  105 00000000                 IMPORT           SystemInit
  106 00000000                 IMPORT           __main
  107 00000000         ; Unlock Register
  108 00000000 480F            LDR              R0, =0x50000100
  109 00000002 4910            LDR              R1, =0x59
  110 00000004 6001            STR              R1, [R0]
  111 00000006 4910            LDR              R1, =0x16
  112 00000008 6001            STR              R1, [R0]
  113 0000000A 4910            LDR              R1, =0x88
  114 0000000C 6001            STR              R1, [R0]
  115 0000000E         
  116 0000000E         ; Disable POR
  117 0000000E 4A10            LDR              R2, =0x50000060
  118 00000010 4910            LDR              R1, =0x00005AA5
  119 00000012 6011            STR              R1, [R2]
  120 00000014 4A10            LDR              R2, =0x50000014
  121 00000016 4911            LDR              R1, =0x000000C0
  122 00000018 6011            STR              R1, [R2]
  123 0000001A         ; Unlock PA9 in 32 pin package
  124 0000001A 4811            LDR              R0, =SystemInit
  125 0000001C 4780            BLX              R0
  126 0000001E         ; Lock register
  127 0000001E 4808            LDR              R0, =0x50000100
  128 00000020 2100            MOVS             R1, #0
  129 00000022 6001            STR              R1, [R0]
  130 00000024         



ARM Macro Assembler    Page 4 


  131 00000024 480F            LDR              R0, =__main
  132 00000026 4700            BX               R0
  133 00000028                 ENDP
  134 00000028         
  135 00000028         
  136 00000028         ; Dummy Exception Handlers (infinite loops which can be 
                       modified)
  137 00000028         
  138 00000028         NMI_Handler
                               PROC
  139 00000028                 EXPORT           NMI_Handler               [WEAK
]
  140 00000028 E7FE            B                .
  141 0000002A                 ENDP
  143 0000002A         HardFault_Handler
                               PROC
  144 0000002A                 EXPORT           HardFault_Handler         [WEAK
]
  145 0000002A         
  146 0000002A E7FE            B                .
  147 0000002C                 ENDP
  148 0000002C         SVC_Handler
                               PROC
  149 0000002C                 EXPORT           SVC_Handler               [WEAK
]
  150 0000002C E7FE            B                .
  151 0000002E                 ENDP
  152 0000002E         PendSV_Handler
                               PROC
  153 0000002E                 EXPORT           PendSV_Handler            [WEAK
]
  154 0000002E E7FE            B                .
  155 00000030                 ENDP
  156 00000030         SysTick_Handler
                               PROC
  157 00000030                 EXPORT           SysTick_Handler           [WEAK
]
  158 00000030 E7FE            B                .
  159 00000032                 ENDP
  160 00000032         
  161 00000032         Default_Handler
                               PROC
  162 00000032         
  163 00000032                 EXPORT           BOD_IRQHandler            [WEAK
]
  164 00000032                 EXPORT           WDT_IRQHandler            [WEAK
]
  165 00000032                 EXPORT           EINT0_IRQHandler          [WEAK
]
  166 00000032                 EXPORT           EINT1_IRQHandler          [WEAK
]
  167 00000032                 EXPORT           GPABC_IRQHandler          [WEAK
]
  168 00000032                 EXPORT           GPDEF_IRQHandler          [WEAK
]
  169 00000032                 EXPORT           PWM0_IRQHandler           [WEAK
]
  170 00000032                 EXPORT           TMR0_IRQHandler           [WEAK
]



ARM Macro Assembler    Page 5 


  171 00000032                 EXPORT           TMR1_IRQHandler           [WEAK
]
  172 00000032                 EXPORT           TMR2_IRQHandler           [WEAK
]
  173 00000032                 EXPORT           TMR3_IRQHandler           [WEAK
]
  174 00000032                 EXPORT           UART0_IRQHandler          [WEAK
]
  175 00000032                 EXPORT           UART1_IRQHandler          [WEAK
]
  176 00000032                 EXPORT           SPI0_IRQHandler           [WEAK
]
  177 00000032                 EXPORT           SPI1_IRQHandler           [WEAK
]
  178 00000032                 EXPORT           SPI2_IRQHandler           [WEAK
]
  179 00000032                 EXPORT           HIRC_IRQHandler           [WEAK
]
  180 00000032                 EXPORT           I2C0_IRQHandler           [WEAK
]
  181 00000032                 EXPORT           I2C1_IRQHandler           [WEAK
]
  182 00000032                 EXPORT           SC0_IRQHandler            [WEAK
]
  183 00000032                 EXPORT           SC1_IRQHandler            [WEAK
]
  184 00000032                 EXPORT           PDMA_IRQHandler           [WEAK
]
  185 00000032                 EXPORT           SPI3_IRQHandler           [WEAK
]
  186 00000032                 EXPORT           PDWU_IRQHandler           [WEAK
]
  187 00000032                 EXPORT           ADC_IRQHandler            [WEAK
]
  188 00000032                 EXPORT           ACMP_IRQHandler           [WEAK
]
  189 00000032                 EXPORT           RTC_IRQHandler            [WEAK
]
  190 00000032         
  191 00000032         BOD_IRQHandler
  192 00000032         WDT_IRQHandler
  193 00000032         EINT0_IRQHandler
  194 00000032         EINT1_IRQHandler
  195 00000032         GPABC_IRQHandler
  196 00000032         GPDEF_IRQHandler
  197 00000032         PWM0_IRQHandler
  198 00000032         TMR0_IRQHandler
  199 00000032         TMR1_IRQHandler
  200 00000032         TMR2_IRQHandler
  201 00000032         TMR3_IRQHandler
  202 00000032         UART0_IRQHandler
  203 00000032         UART1_IRQHandler
  204 00000032         SPI0_IRQHandler
  205 00000032         SPI1_IRQHandler
  206 00000032         SPI2_IRQHandler
  207 00000032         HIRC_IRQHandler
  208 00000032         I2C0_IRQHandler
  209 00000032         I2C1_IRQHandler
  210 00000032         SC0_IRQHandler



ARM Macro Assembler    Page 6 


  211 00000032         SC1_IRQHandler
  212 00000032         PDMA_IRQHandler
  213 00000032         SPI3_IRQHandler
  214 00000032         PDWU_IRQHandler
  215 00000032         ADC_IRQHandler
  216 00000032         ACMP_IRQHandler
  217 00000032         RTC_IRQHandler
  218 00000032         
  219 00000032 E7FE            B                .
  220 00000034         
  221 00000034                 ENDP
  222 00000034         
  223 00000034         
  224 00000034                 ALIGN
  225 00000034         
  226 00000034         
  227 00000034         ; User Initial Stack & Heap
  228 00000034         
  229 00000034                 IF               :DEF:__MICROLIB
  236 00000034         
  237 00000034                 IMPORT           __use_two_region_memory
  238 00000034                 EXPORT           __user_initial_stackheap
  239 00000034         __user_initial_stackheap
  240 00000034         
  241 00000034 480C            LDR              R0, =  Heap_Mem
  242 00000036 490D            LDR              R1, =(Stack_Mem + Stack_Size)
  243 00000038 4A0D            LDR              R2, = (Heap_Mem +  Heap_Size)
  244 0000003A 4B0E            LDR              R3, = Stack_Mem
  245 0000003C 4770            BX               LR
  246 0000003E         
  247 0000003E 00 00           ALIGN
  248 00000040         
  249 00000040                 ENDIF
  250 00000040         
  251 00000040         
  252 00000040         
  253 00000040         
  254 00000040         
  255 00000040                 END
              50000100 
              00000059 
              00000016 
              00000088 
              50000060 
              00005AA5 
              50000014 
              000000C0 
              00000000 
              00000000 
              00000000 
              00000400 
              00000200 
              00000000 
Command Line: --debug --xref --diag_suppress=9931 --cpu=Cortex-M0 --apcs=interw
ork --depend=.\objects\startup_nano103.d -o.\objects\startup_nano103.o -I.\RTE\
_Project -IC:\Users\ZGR\AppData\Local\Arm\Packs\Nuvoton\NuMicro_DFP\1.3.7\Devic
e\NANO103\Include -IC:\Keil_v5\ARM\CMSIS\Include --predefine="__UVISION_VERSION
 SETA 529" --list=.\listings\startup_nano103.lst ..\libraries\Official\Device\N
uvoton\Nano103\Source\ARM\startup_Nano103.s



ARM Macro Assembler    Page 1 Alphabetic symbol ordering
Relocatable symbols

STACK 00000000

Symbol: STACK
   Definitions
      At line 20 in file ..\libraries\Official\Device\Nuvoton\Nano103\Source\AR
M\startup_Nano103.s
   Uses
      None
Comment: STACK unused
Stack_Mem 00000000

Symbol: Stack_Mem
   Definitions
      At line 21 in file ..\libraries\Official\Device\Nuvoton\Nano103\Source\AR
M\startup_Nano103.s
   Uses
      At line 242 in file ..\libraries\Official\Device\Nuvoton\Nano103\Source\A
RM\startup_Nano103.s
      At line 244 in file ..\libraries\Official\Device\Nuvoton\Nano103\Source\A
RM\startup_Nano103.s

__initial_sp 00000400

Symbol: __initial_sp
   Definitions
      At line 22 in file ..\libraries\Official\Device\Nuvoton\Nano103\Source\AR
M\startup_Nano103.s
   Uses
      At line 48 in file ..\libraries\Official\Device\Nuvoton\Nano103\Source\AR
M\startup_Nano103.s
Comment: __initial_sp used once
3 symbols



ARM Macro Assembler    Page 1 Alphabetic symbol ordering
Relocatable symbols

HEAP 00000000

Symbol: HEAP
   Definitions
      At line 33 in file ..\libraries\Official\Device\Nuvoton\Nano103\Source\AR
M\startup_Nano103.s
   Uses
      None
Comment: HEAP unused
Heap_Mem 00000000

Symbol: Heap_Mem
   Definitions
      At line 35 in file ..\libraries\Official\Device\Nuvoton\Nano103\Source\AR
M\startup_Nano103.s
   Uses
      At line 241 in file ..\libraries\Official\Device\Nuvoton\Nano103\Source\A
RM\startup_Nano103.s
      At line 243 in file ..\libraries\Official\Device\Nuvoton\Nano103\Source\A
RM\startup_Nano103.s

__heap_base 00000000

Symbol: __heap_base
   Definitions
      At line 34 in file ..\libraries\Official\Device\Nuvoton\Nano103\Source\AR
M\startup_Nano103.s
   Uses
      None
Comment: __heap_base unused
__heap_limit 00000200

Symbol: __heap_limit
   Definitions
      At line 36 in file ..\libraries\Official\Device\Nuvoton\Nano103\Source\AR
M\startup_Nano103.s
   Uses
      None
Comment: __heap_limit unused
4 symbols



ARM Macro Assembler    Page 1 Alphabetic symbol ordering
Relocatable symbols

RESET 00000000

Symbol: RESET
   Definitions
      At line 45 in file ..\libraries\Official\Device\Nuvoton\Nano103\Source\AR
M\startup_Nano103.s
   Uses
      None
Comment: RESET unused
__Vectors 00000000

Symbol: __Vectors
   Definitions
      At line 48 in file ..\libraries\Official\Device\Nuvoton\Nano103\Source\AR
M\startup_Nano103.s
   Uses
      At line 46 in file ..\libraries\Official\Device\Nuvoton\Nano103\Source\AR
M\startup_Nano103.s
Comment: __Vectors used once
2 symbols



ARM Macro Assembler    Page 1 Alphabetic symbol ordering
Relocatable symbols

.text 00000000

Symbol: .text
   Definitions
      At line 98 in file ..\libraries\Official\Device\Nuvoton\Nano103\Source\AR
M\startup_Nano103.s
   Uses
      None
Comment: .text unused
ACMP_IRQHandler 00000032

Symbol: ACMP_IRQHandler
   Definitions
      At line 216 in file ..\libraries\Official\Device\Nuvoton\Nano103\Source\A
RM\startup_Nano103.s
   Uses
      At line 96 in file ..\libraries\Official\Device\Nuvoton\Nano103\Source\AR
M\startup_Nano103.s
      At line 188 in file ..\libraries\Official\Device\Nuvoton\Nano103\Source\A
RM\startup_Nano103.s

ADC_IRQHandler 00000032

Symbol: ADC_IRQHandler
   Definitions
      At line 215 in file ..\libraries\Official\Device\Nuvoton\Nano103\Source\A
RM\startup_Nano103.s
   Uses
      At line 95 in file ..\libraries\Official\Device\Nuvoton\Nano103\Source\AR
M\startup_Nano103.s
      At line 187 in file ..\libraries\Official\Device\Nuvoton\Nano103\Source\A
RM\startup_Nano103.s

BOD_IRQHandler 00000032

Symbol: BOD_IRQHandler
   Definitions
      At line 191 in file ..\libraries\Official\Device\Nuvoton\Nano103\Source\A
RM\startup_Nano103.s
   Uses
      At line 66 in file ..\libraries\Official\Device\Nuvoton\Nano103\Source\AR
M\startup_Nano103.s
      At line 163 in file ..\libraries\Official\Device\Nuvoton\Nano103\Source\A
RM\startup_Nano103.s

Default_Handler 00000032

Symbol: Default_Handler
   Definitions
      At line 161 in file ..\libraries\Official\Device\Nuvoton\Nano103\Source\A
RM\startup_Nano103.s
   Uses
      At line 86 in file ..\libraries\Official\Device\Nuvoton\Nano103\Source\AR
M\startup_Nano103.s
      At line 89 in file ..\libraries\Official\Device\Nuvoton\Nano103\Source\AR
M\startup_Nano103.s
      At line 90 in file ..\libraries\Official\Device\Nuvoton\Nano103\Source\AR
M\startup_Nano103.s
      At line 91 in file ..\libraries\Official\Device\Nuvoton\Nano103\Source\AR



ARM Macro Assembler    Page 2 Alphabetic symbol ordering
Relocatable symbols

M\startup_Nano103.s

EINT0_IRQHandler 00000032

Symbol: EINT0_IRQHandler
   Definitions
      At line 193 in file ..\libraries\Official\Device\Nuvoton\Nano103\Source\A
RM\startup_Nano103.s
   Uses
      At line 68 in file ..\libraries\Official\Device\Nuvoton\Nano103\Source\AR
M\startup_Nano103.s
      At line 165 in file ..\libraries\Official\Device\Nuvoton\Nano103\Source\A
RM\startup_Nano103.s

EINT1_IRQHandler 00000032

Symbol: EINT1_IRQHandler
   Definitions
      At line 194 in file ..\libraries\Official\Device\Nuvoton\Nano103\Source\A
RM\startup_Nano103.s
   Uses
      At line 69 in file ..\libraries\Official\Device\Nuvoton\Nano103\Source\AR
M\startup_Nano103.s
      At line 166 in file ..\libraries\Official\Device\Nuvoton\Nano103\Source\A
RM\startup_Nano103.s

GPABC_IRQHandler 00000032

Symbol: GPABC_IRQHandler
   Definitions
      At line 195 in file ..\libraries\Official\Device\Nuvoton\Nano103\Source\A
RM\startup_Nano103.s
   Uses
      At line 70 in file ..\libraries\Official\Device\Nuvoton\Nano103\Source\AR
M\startup_Nano103.s
      At line 167 in file ..\libraries\Official\Device\Nuvoton\Nano103\Source\A
RM\startup_Nano103.s

GPDEF_IRQHandler 00000032

Symbol: GPDEF_IRQHandler
   Definitions
      At line 196 in file ..\libraries\Official\Device\Nuvoton\Nano103\Source\A
RM\startup_Nano103.s
   Uses
      At line 71 in file ..\libraries\Official\Device\Nuvoton\Nano103\Source\AR
M\startup_Nano103.s
      At line 168 in file ..\libraries\Official\Device\Nuvoton\Nano103\Source\A
RM\startup_Nano103.s

HIRC_IRQHandler 00000032

Symbol: HIRC_IRQHandler
   Definitions
      At line 207 in file ..\libraries\Official\Device\Nuvoton\Nano103\Source\A
RM\startup_Nano103.s
   Uses
      At line 83 in file ..\libraries\Official\Device\Nuvoton\Nano103\Source\AR
M\startup_Nano103.s



ARM Macro Assembler    Page 3 Alphabetic symbol ordering
Relocatable symbols

      At line 179 in file ..\libraries\Official\Device\Nuvoton\Nano103\Source\A
RM\startup_Nano103.s

HardFault_Handler 0000002A

Symbol: HardFault_Handler
   Definitions
      At line 143 in file ..\libraries\Official\Device\Nuvoton\Nano103\Source\A
RM\startup_Nano103.s
   Uses
      At line 51 in file ..\libraries\Official\Device\Nuvoton\Nano103\Source\AR
M\startup_Nano103.s
      At line 144 in file ..\libraries\Official\Device\Nuvoton\Nano103\Source\A
RM\startup_Nano103.s

I2C0_IRQHandler 00000032

Symbol: I2C0_IRQHandler
   Definitions
      At line 208 in file ..\libraries\Official\Device\Nuvoton\Nano103\Source\A
RM\startup_Nano103.s
   Uses
      At line 84 in file ..\libraries\Official\Device\Nuvoton\Nano103\Source\AR
M\startup_Nano103.s
      At line 180 in file ..\libraries\Official\Device\Nuvoton\Nano103\Source\A
RM\startup_Nano103.s

I2C1_IRQHandler 00000032

Symbol: I2C1_IRQHandler
   Definitions
      At line 209 in file ..\libraries\Official\Device\Nuvoton\Nano103\Source\A
RM\startup_Nano103.s
   Uses
      At line 85 in file ..\libraries\Official\Device\Nuvoton\Nano103\Source\AR
M\startup_Nano103.s
      At line 181 in file ..\libraries\Official\Device\Nuvoton\Nano103\Source\A
RM\startup_Nano103.s

NMI_Handler 00000028

Symbol: NMI_Handler
   Definitions
      At line 138 in file ..\libraries\Official\Device\Nuvoton\Nano103\Source\A
RM\startup_Nano103.s
   Uses
      At line 50 in file ..\libraries\Official\Device\Nuvoton\Nano103\Source\AR
M\startup_Nano103.s
      At line 139 in file ..\libraries\Official\Device\Nuvoton\Nano103\Source\A
RM\startup_Nano103.s

PDMA_IRQHandler 00000032

Symbol: PDMA_IRQHandler
   Definitions
      At line 212 in file ..\libraries\Official\Device\Nuvoton\Nano103\Source\A
RM\startup_Nano103.s
   Uses
      At line 92 in file ..\libraries\Official\Device\Nuvoton\Nano103\Source\AR



ARM Macro Assembler    Page 4 Alphabetic symbol ordering
Relocatable symbols

M\startup_Nano103.s
      At line 184 in file ..\libraries\Official\Device\Nuvoton\Nano103\Source\A
RM\startup_Nano103.s

PDWU_IRQHandler 00000032

Symbol: PDWU_IRQHandler
   Definitions
      At line 214 in file ..\libraries\Official\Device\Nuvoton\Nano103\Source\A
RM\startup_Nano103.s
   Uses
      At line 94 in file ..\libraries\Official\Device\Nuvoton\Nano103\Source\AR
M\startup_Nano103.s
      At line 186 in file ..\libraries\Official\Device\Nuvoton\Nano103\Source\A
RM\startup_Nano103.s

PWM0_IRQHandler 00000032

Symbol: PWM0_IRQHandler
   Definitions
      At line 197 in file ..\libraries\Official\Device\Nuvoton\Nano103\Source\A
RM\startup_Nano103.s
   Uses
      At line 72 in file ..\libraries\Official\Device\Nuvoton\Nano103\Source\AR
M\startup_Nano103.s
      At line 169 in file ..\libraries\Official\Device\Nuvoton\Nano103\Source\A
RM\startup_Nano103.s

PendSV_Handler 0000002E

Symbol: PendSV_Handler
   Definitions
      At line 152 in file ..\libraries\Official\Device\Nuvoton\Nano103\Source\A
RM\startup_Nano103.s
   Uses
      At line 62 in file ..\libraries\Official\Device\Nuvoton\Nano103\Source\AR
M\startup_Nano103.s
      At line 153 in file ..\libraries\Official\Device\Nuvoton\Nano103\Source\A
RM\startup_Nano103.s

RTC_IRQHandler 00000032

Symbol: RTC_IRQHandler
   Definitions
      At line 217 in file ..\libraries\Official\Device\Nuvoton\Nano103\Source\A
RM\startup_Nano103.s
   Uses
      At line 97 in file ..\libraries\Official\Device\Nuvoton\Nano103\Source\AR
M\startup_Nano103.s
      At line 189 in file ..\libraries\Official\Device\Nuvoton\Nano103\Source\A
RM\startup_Nano103.s

Reset_Handler 00000000

Symbol: Reset_Handler
   Definitions
      At line 103 in file ..\libraries\Official\Device\Nuvoton\Nano103\Source\A
RM\startup_Nano103.s
   Uses



ARM Macro Assembler    Page 5 Alphabetic symbol ordering
Relocatable symbols

      At line 49 in file ..\libraries\Official\Device\Nuvoton\Nano103\Source\AR
M\startup_Nano103.s
      At line 104 in file ..\libraries\Official\Device\Nuvoton\Nano103\Source\A
RM\startup_Nano103.s

SC0_IRQHandler 00000032

Symbol: SC0_IRQHandler
   Definitions
      At line 210 in file ..\libraries\Official\Device\Nuvoton\Nano103\Source\A
RM\startup_Nano103.s
   Uses
      At line 87 in file ..\libraries\Official\Device\Nuvoton\Nano103\Source\AR
M\startup_Nano103.s
      At line 182 in file ..\libraries\Official\Device\Nuvoton\Nano103\Source\A
RM\startup_Nano103.s

SC1_IRQHandler 00000032

Symbol: SC1_IRQHandler
   Definitions
      At line 211 in file ..\libraries\Official\Device\Nuvoton\Nano103\Source\A
RM\startup_Nano103.s
   Uses
      At line 88 in file ..\libraries\Official\Device\Nuvoton\Nano103\Source\AR
M\startup_Nano103.s
      At line 183 in file ..\libraries\Official\Device\Nuvoton\Nano103\Source\A
RM\startup_Nano103.s

SPI0_IRQHandler 00000032

Symbol: SPI0_IRQHandler
   Definitions
      At line 204 in file ..\libraries\Official\Device\Nuvoton\Nano103\Source\A
RM\startup_Nano103.s
   Uses
      At line 80 in file ..\libraries\Official\Device\Nuvoton\Nano103\Source\AR
M\startup_Nano103.s
      At line 176 in file ..\libraries\Official\Device\Nuvoton\Nano103\Source\A
RM\startup_Nano103.s

SPI1_IRQHandler 00000032

Symbol: SPI1_IRQHandler
   Definitions
      At line 205 in file ..\libraries\Official\Device\Nuvoton\Nano103\Source\A
RM\startup_Nano103.s
   Uses
      At line 81 in file ..\libraries\Official\Device\Nuvoton\Nano103\Source\AR
M\startup_Nano103.s
      At line 177 in file ..\libraries\Official\Device\Nuvoton\Nano103\Source\A
RM\startup_Nano103.s

SPI2_IRQHandler 00000032

Symbol: SPI2_IRQHandler
   Definitions
      At line 206 in file ..\libraries\Official\Device\Nuvoton\Nano103\Source\A
RM\startup_Nano103.s



ARM Macro Assembler    Page 6 Alphabetic symbol ordering
Relocatable symbols

   Uses
      At line 82 in file ..\libraries\Official\Device\Nuvoton\Nano103\Source\AR
M\startup_Nano103.s
      At line 178 in file ..\libraries\Official\Device\Nuvoton\Nano103\Source\A
RM\startup_Nano103.s

SPI3_IRQHandler 00000032

Symbol: SPI3_IRQHandler
   Definitions
      At line 213 in file ..\libraries\Official\Device\Nuvoton\Nano103\Source\A
RM\startup_Nano103.s
   Uses
      At line 93 in file ..\libraries\Official\Device\Nuvoton\Nano103\Source\AR
M\startup_Nano103.s
      At line 185 in file ..\libraries\Official\Device\Nuvoton\Nano103\Source\A
RM\startup_Nano103.s

SVC_Handler 0000002C

Symbol: SVC_Handler
   Definitions
      At line 148 in file ..\libraries\Official\Device\Nuvoton\Nano103\Source\A
RM\startup_Nano103.s
   Uses
      At line 59 in file ..\libraries\Official\Device\Nuvoton\Nano103\Source\AR
M\startup_Nano103.s
      At line 149 in file ..\libraries\Official\Device\Nuvoton\Nano103\Source\A
RM\startup_Nano103.s

SysTick_Handler 00000030

Symbol: SysTick_Handler
   Definitions
      At line 156 in file ..\libraries\Official\Device\Nuvoton\Nano103\Source\A
RM\startup_Nano103.s
   Uses
      At line 63 in file ..\libraries\Official\Device\Nuvoton\Nano103\Source\AR
M\startup_Nano103.s
      At line 157 in file ..\libraries\Official\Device\Nuvoton\Nano103\Source\A
RM\startup_Nano103.s

TMR0_IRQHandler 00000032

Symbol: TMR0_IRQHandler
   Definitions
      At line 198 in file ..\libraries\Official\Device\Nuvoton\Nano103\Source\A
RM\startup_Nano103.s
   Uses
      At line 74 in file ..\libraries\Official\Device\Nuvoton\Nano103\Source\AR
M\startup_Nano103.s
      At line 170 in file ..\libraries\Official\Device\Nuvoton\Nano103\Source\A
RM\startup_Nano103.s

TMR1_IRQHandler 00000032

Symbol: TMR1_IRQHandler
   Definitions
      At line 199 in file ..\libraries\Official\Device\Nuvoton\Nano103\Source\A



ARM Macro Assembler    Page 7 Alphabetic symbol ordering
Relocatable symbols

RM\startup_Nano103.s
   Uses
      At line 75 in file ..\libraries\Official\Device\Nuvoton\Nano103\Source\AR
M\startup_Nano103.s
      At line 171 in file ..\libraries\Official\Device\Nuvoton\Nano103\Source\A
RM\startup_Nano103.s

TMR2_IRQHandler 00000032

Symbol: TMR2_IRQHandler
   Definitions
      At line 200 in file ..\libraries\Official\Device\Nuvoton\Nano103\Source\A
RM\startup_Nano103.s
   Uses
      At line 76 in file ..\libraries\Official\Device\Nuvoton\Nano103\Source\AR
M\startup_Nano103.s
      At line 172 in file ..\libraries\Official\Device\Nuvoton\Nano103\Source\A
RM\startup_Nano103.s

TMR3_IRQHandler 00000032

Symbol: TMR3_IRQHandler
   Definitions
      At line 201 in file ..\libraries\Official\Device\Nuvoton\Nano103\Source\A
RM\startup_Nano103.s
   Uses
      At line 77 in file ..\libraries\Official\Device\Nuvoton\Nano103\Source\AR
M\startup_Nano103.s
      At line 173 in file ..\libraries\Official\Device\Nuvoton\Nano103\Source\A
RM\startup_Nano103.s

UART0_IRQHandler 00000032

Symbol: UART0_IRQHandler
   Definitions
      At line 202 in file ..\libraries\Official\Device\Nuvoton\Nano103\Source\A
RM\startup_Nano103.s
   Uses
      At line 78 in file ..\libraries\Official\Device\Nuvoton\Nano103\Source\AR
M\startup_Nano103.s
      At line 174 in file ..\libraries\Official\Device\Nuvoton\Nano103\Source\A
RM\startup_Nano103.s

UART1_IRQHandler 00000032

Symbol: UART1_IRQHandler
   Definitions
      At line 203 in file ..\libraries\Official\Device\Nuvoton\Nano103\Source\A
RM\startup_Nano103.s
   Uses
      At line 79 in file ..\libraries\Official\Device\Nuvoton\Nano103\Source\AR
M\startup_Nano103.s
      At line 175 in file ..\libraries\Official\Device\Nuvoton\Nano103\Source\A
RM\startup_Nano103.s

WDT_IRQHandler 00000032

Symbol: WDT_IRQHandler
   Definitions



ARM Macro Assembler    Page 8 Alphabetic symbol ordering
Relocatable symbols

      At line 192 in file ..\libraries\Official\Device\Nuvoton\Nano103\Source\A
RM\startup_Nano103.s
   Uses
      At line 67 in file ..\libraries\Official\Device\Nuvoton\Nano103\Source\AR
M\startup_Nano103.s
      At line 164 in file ..\libraries\Official\Device\Nuvoton\Nano103\Source\A
RM\startup_Nano103.s

__user_initial_stackheap 00000034

Symbol: __user_initial_stackheap
   Definitions
      At line 239 in file ..\libraries\Official\Device\Nuvoton\Nano103\Source\A
RM\startup_Nano103.s
   Uses
      At line 238 in file ..\libraries\Official\Device\Nuvoton\Nano103\Source\A
RM\startup_Nano103.s
Comment: __user_initial_stackheap used once
36 symbols



ARM Macro Assembler    Page 1 Alphabetic symbol ordering
Absolute symbols

Heap_Size 00000200

Symbol: Heap_Size
   Definitions
      At line 30 in file ..\libraries\Official\Device\Nuvoton\Nano103\Source\AR
M\startup_Nano103.s
   Uses
      At line 35 in file ..\libraries\Official\Device\Nuvoton\Nano103\Source\AR
M\startup_Nano103.s
      At line 243 in file ..\libraries\Official\Device\Nuvoton\Nano103\Source\A
RM\startup_Nano103.s

Stack_Size 00000400

Symbol: Stack_Size
   Definitions
      At line 17 in file ..\libraries\Official\Device\Nuvoton\Nano103\Source\AR
M\startup_Nano103.s
   Uses
      At line 21 in file ..\libraries\Official\Device\Nuvoton\Nano103\Source\AR
M\startup_Nano103.s
      At line 242 in file ..\libraries\Official\Device\Nuvoton\Nano103\Source\A
RM\startup_Nano103.s

2 symbols



ARM Macro Assembler    Page 1 Alphabetic symbol ordering
External symbols

SystemInit 00000000

Symbol: SystemInit
   Definitions
      At line 105 in file ..\libraries\Official\Device\Nuvoton\Nano103\Source\A
RM\startup_Nano103.s
   Uses
      At line 124 in file ..\libraries\Official\Device\Nuvoton\Nano103\Source\A
RM\startup_Nano103.s
Comment: SystemInit used once
__main 00000000

Symbol: __main
   Definitions
      At line 106 in file ..\libraries\Official\Device\Nuvoton\Nano103\Source\A
RM\startup_Nano103.s
   Uses
      At line 131 in file ..\libraries\Official\Device\Nuvoton\Nano103\Source\A
RM\startup_Nano103.s
Comment: __main used once
__use_two_region_memory 00000000

Symbol: __use_two_region_memory
   Definitions
      At line 237 in file ..\libraries\Official\Device\Nuvoton\Nano103\Source\A
RM\startup_Nano103.s
   Uses
      None
Comment: __use_two_region_memory unused
3 symbols
387 symbols in table
